{"C:\\Users\\Lenovo\\Desktop\\React\\2 NAMASTE REACT\\10 Testing\\src\\components\\Header.jsx": {"path":"C:\\Users\\Lenovo\\Desktop\\React\\2 NAMASTE REACT\\10 Testing\\src\\components\\Header.jsx","statementMap":{"0":{"start":{"line":2,"column":15},"end":{"line":8,"column":1}},"1":{"start":{"line":3,"column":2},"end":{"line":7,"column":3}}},"fnMap":{"0":{"name":"(anonymous_0)","decl":{"start":{"line":2,"column":15},"end":{"line":2,"column":16}},"loc":{"start":{"line":2,"column":21},"end":{"line":8,"column":1}},"line":2}},"branchMap":{},"s":{"0":1,"1":1},"f":{"0":1},"b":{},"_coverageSchema":"1a1c01bbd47fc00a2c39e90264f33305004495a9","hash":"936e3b6863267ad868d73e09a9e517fee8e75349"}
,"C:\\Users\\Lenovo\\Desktop\\React\\2 NAMASTE REACT\\10 Testing\\src\\components\\sum.js": {"path":"C:\\Users\\Lenovo\\Desktop\\React\\2 NAMASTE REACT\\10 Testing\\src\\components\\sum.js","statementMap":{"0":{"start":{"line":1,"column":19},"end":{"line":1,"column":31}},"1":{"start":{"line":1,"column":28},"end":{"line":1,"column":31}}},"fnMap":{"0":{"name":"(anonymous_0)","decl":{"start":{"line":1,"column":19},"end":{"line":1,"column":20}},"loc":{"start":{"line":1,"column":28},"end":{"line":1,"column":31}},"line":1}},"branchMap":{},"s":{"0":1,"1":1},"f":{"0":1},"b":{},"_coverageSchema":"1a1c01bbd47fc00a2c39e90264f33305004495a9","hash":"5c55e5fc59b5c0b7142e0b30570dceed1b19b66b"}
,"C:\\Users\\Lenovo\\Desktop\\React\\2 NAMASTE REACT\\10 Testing\\src\\mocks\\imageMock.js": {"path":"C:\\Users\\Lenovo\\Desktop\\React\\2 NAMASTE REACT\\10 Testing\\src\\mocks\\imageMock.js","statementMap":{},"fnMap":{},"branchMap":{},"s":{},"f":{},"b":{},"_coverageSchema":"1a1c01bbd47fc00a2c39e90264f33305004495a9","hash":"c89fdc7e2966d5b971713519b0c92d284973424d"}
}
