<?xml version="1.0" encoding="UTF-8"?>
<coverage generated="1708135309626" clover="3.2.0">
  <project timestamp="1708135309626" name="All files">
    <metrics statements="15" coveredstatements="5" conditionals="0" coveredconditionals="0" methods="8" coveredmethods="1" elements="23" coveredelements="6" complexity="0" loc="15" ncloc="15" packages="3" files="4" classes="4"/>
    <package name="components">
      <metrics statements="9" coveredstatements="2" conditionals="0" coveredconditionals="0" methods="4" coveredmethods="1"/>
      <file name="AddTodo.jsx" path="C:\Users\Lenovo\Desktop\React\2 NAMASTE REACT\9 Redux Toolkit\src\components\AddTodo.jsx">
        <metrics statements="8" coveredstatements="1" conditionals="0" coveredconditionals="0" methods="3" coveredmethods="0"/>
        <line num="5" count="1" type="stmt"/>
        <line num="7" count="0" type="stmt"/>
        <line num="9" count="0" type="stmt"/>
        <line num="11" count="0" type="stmt"/>
        <line num="12" count="0" type="stmt"/>
        <line num="13" count="0" type="stmt"/>
        <line num="16" count="0" type="stmt"/>
        <line num="23" count="0" type="stmt"/>
      </file>
      <file name="sum.js" path="C:\Users\Lenovo\Desktop\React\2 NAMASTE REACT\9 Redux Toolkit\src\components\sum.js">
        <metrics statements="1" coveredstatements="1" conditionals="0" coveredconditionals="0" methods="1" coveredmethods="1"/>
        <line num="1" count="1" type="stmt"/>
      </file>
    </package>
    <package name="utils">
      <metrics statements="1" coveredstatements="1" conditionals="0" coveredconditionals="0" methods="0" coveredmethods="0"/>
      <file name="store.js" path="C:\Users\Lenovo\Desktop\React\2 NAMASTE REACT\9 Redux Toolkit\src\utils\store.js">
        <metrics statements="1" coveredstatements="1" conditionals="0" coveredconditionals="0" methods="0" coveredmethods="0"/>
        <line num="4" count="1" type="stmt"/>
      </file>
    </package>
    <package name="utils.slices">
      <metrics statements="5" coveredstatements="2" conditionals="0" coveredconditionals="0" methods="4" coveredmethods="0"/>
      <file name="TodoSlice.js" path="C:\Users\Lenovo\Desktop\React\2 NAMASTE REACT\9 Redux Toolkit\src\utils\slices\TodoSlice.js">
        <metrics statements="5" coveredstatements="2" conditionals="0" coveredconditionals="0" methods="4" coveredmethods="0"/>
        <line num="3" count="1" type="stmt"/>
        <line num="13" count="0" type="stmt"/>
        <line num="17" count="0" type="stmt"/>
        <line num="20" count="0" type="stmt"/>
        <line num="26" count="1" type="stmt"/>
      </file>
    </package>
  </project>
</coverage>
