{"C:\\Users\\Lenovo\\Desktop\\React\\2 NAMASTE REACT\\9 Redux Toolkit\\src\\components\\AddTodo.jsx": {"path":"C:\\Users\\Lenovo\\Desktop\\React\\2 NAMASTE REACT\\9 Redux Toolkit\\src\\components\\AddTodo.jsx","statementMap":{"0":{"start":{"line":5,"column":16},"end":{"line":33,"column":1}},"1":{"start":{"line":7,"column":32},"end":{"line":7,"column":42}},"2":{"start":{"line":9,"column":19},"end":{"line":9,"column":32}},"3":{"start":{"line":11,"column":25},"end":{"line":14,"column":3}},"4":{"start":{"line":12,"column":4},"end":{"line":12,"column":23}},"5":{"start":{"line":13,"column":4},"end":{"line":13,"column":31}},"6":{"start":{"line":16,"column":2},"end":{"line":32,"column":3}},"7":{"start":{"line":23,"column":25},"end":{"line":23,"column":51}}},"fnMap":{"0":{"name":"(anonymous_0)","decl":{"start":{"line":5,"column":16},"end":{"line":5,"column":17}},"loc":{"start":{"line":5,"column":22},"end":{"line":33,"column":1}},"line":5},"1":{"name":"(anonymous_1)","decl":{"start":{"line":11,"column":25},"end":{"line":11,"column":26}},"loc":{"start":{"line":11,"column":32},"end":{"line":14,"column":3}},"line":11},"2":{"name":"(anonymous_2)","decl":{"start":{"line":23,"column":18},"end":{"line":23,"column":19}},"loc":{"start":{"line":23,"column":25},"end":{"line":23,"column":51}},"line":23}},"branchMap":{},"s":{"0":1,"1":0,"2":0,"3":0,"4":0,"5":0,"6":0,"7":0},"f":{"0":0,"1":0,"2":0},"b":{},"_coverageSchema":"1a1c01bbd47fc00a2c39e90264f33305004495a9","hash":"a8b3ed79de78bdf5bca6e0bb87c1d526da8baf4d"}
,"C:\\Users\\Lenovo\\Desktop\\React\\2 NAMASTE REACT\\9 Redux Toolkit\\src\\components\\sum.js": {"path":"C:\\Users\\Lenovo\\Desktop\\React\\2 NAMASTE REACT\\9 Redux Toolkit\\src\\components\\sum.js","statementMap":{"0":{"start":{"line":1,"column":19},"end":{"line":1,"column":30}},"1":{"start":{"line":1,"column":27},"end":{"line":1,"column":30}}},"fnMap":{"0":{"name":"(anonymous_0)","decl":{"start":{"line":1,"column":19},"end":{"line":1,"column":20}},"loc":{"start":{"line":1,"column":27},"end":{"line":1,"column":30}},"line":1}},"branchMap":{},"s":{"0":1,"1":1},"f":{"0":1},"b":{},"_coverageSchema":"1a1c01bbd47fc00a2c39e90264f33305004495a9","hash":"f3b453c5e55c23a48190d0aeeba4ae83baeb464e"}
,"C:\\Users\\Lenovo\\Desktop\\React\\2 NAMASTE REACT\\9 Redux Toolkit\\src\\utils\\store.js": {"path":"C:\\Users\\Lenovo\\Desktop\\React\\2 NAMASTE REACT\\9 Redux Toolkit\\src\\utils\\store.js","statementMap":{"0":{"start":{"line":4,"column":14},"end":{"line":8,"column":2}}},"fnMap":{},"branchMap":{},"s":{"0":1},"f":{},"b":{},"_coverageSchema":"1a1c01bbd47fc00a2c39e90264f33305004495a9","hash":"24bd59cd7294bd3927832ec1565c18113e0e0e3a"}
,"C:\\Users\\Lenovo\\Desktop\\React\\2 NAMASTE REACT\\9 Redux Toolkit\\src\\utils\\slices\\TodoSlice.js": {"path":"C:\\Users\\Lenovo\\Desktop\\React\\2 NAMASTE REACT\\9 Redux Toolkit\\src\\utils\\slices\\TodoSlice.js","statementMap":{"0":{"start":{"line":3,"column":18},"end":{"line":24,"column":2}},"1":{"start":{"line":13,"column":25},"end":{"line":16,"column":13}},"2":{"start":{"line":17,"column":12},"end":{"line":17,"column":35}},"3":{"start":{"line":20,"column":12},"end":{"line":20,"column":63}},"4":{"start":{"line":20,"column":41},"end":{"line":20,"column":62}},"5":{"start":{"line":26,"column":49},"end":{"line":26,"column":66}}},"fnMap":{"0":{"name":"(anonymous_0)","decl":{"start":{"line":12,"column":17},"end":{"line":12,"column":18}},"loc":{"start":{"line":12,"column":36},"end":{"line":18,"column":9}},"line":12},"1":{"name":"(anonymous_1)","decl":{"start":{"line":19,"column":20},"end":{"line":19,"column":21}},"loc":{"start":{"line":19,"column":39},"end":{"line":21,"column":9}},"line":19},"2":{"name":"(anonymous_2)","decl":{"start":{"line":20,"column":31},"end":{"line":20,"column":32}},"loc":{"start":{"line":20,"column":41},"end":{"line":20,"column":62}},"line":20},"3":{"name":"(anonymous_3)","decl":{"start":{"line":22,"column":20},"end":{"line":22,"column":21}},"loc":{"start":{"line":22,"column":26},"end":{"line":22,"column":28}},"line":22}},"branchMap":{},"s":{"0":1,"1":0,"2":0,"3":0,"4":0,"5":1},"f":{"0":0,"1":0,"2":0,"3":0},"b":{},"_coverageSchema":"1a1c01bbd47fc00a2c39e90264f33305004495a9","hash":"d77583725c387bdc507ec18e8c2cfb8286a0f499"}
}
